<?xml version="1.0" encoding="UTF-8"?>
<!-- Generated by org.testng.reporters.JUnitReportReporter -->
<testsuite skipped="0" hostname="Lenovo" name="com.mercurytours.testcases.VerifyTicketPurchase" tests="2" failures="0" timestamp="25 Nov 2017 18:19:08 GMT" time="10.138" errors="0">
  <testcase name="verifyLogin" time="2.893" classname="com.mercurytours.testcases.VerifyTicketPurchase"/>
  <testcase name="verifyPurchase" time="7.245" classname="com.mercurytours.testcases.VerifyTicketPurchase"/>
</testsuite> <!-- com.mercurytours.testcases.VerifyTicketPurchase -->
