<?xml version="1.0" encoding="UTF-8"?>
<!-- Generated by org.testng.reporters.JUnitReportReporter -->
<testsuite skipped="0" hostname="Lenovo" name="com.mercurytours.testcases.LoginTest" tests="3" failures="0" timestamp="25 Nov 2017 18:19:08 GMT" time="27.211" errors="0">
  <testcase name="verifyLogin" time="9.037" classname="com.mercurytours.testcases.LoginTest"/>
  <testcase name="verifyLogin" time="8.827" classname="com.mercurytours.testcases.LoginTest"/>
  <testcase name="verifyLogin" time="9.347" classname="com.mercurytours.testcases.LoginTest"/>
</testsuite> <!-- com.mercurytours.testcases.LoginTest -->
