<?xml version="1.0" encoding="UTF-8"?>
<!-- Generated by org.testng.reporters.JUnitReportReporter -->
<testsuite skipped="0" hostname="Lenovo" name="com.mercurytours.testcases.VerifyHomePageTitle" tests="1" failures="0" timestamp="25 Nov 2017 18:19:08 GMT" time="0.015" errors="0">
  <testcase name="pageTitle" time="0.015" classname="com.mercurytours.testcases.VerifyHomePageTitle"/>
</testsuite> <!-- com.mercurytours.testcases.VerifyHomePageTitle -->
